[debug] [2025-07-24T21:16:26.258Z] ----------------------------------------------------------------------
[debug] [2025-07-24T21:16:26.261Z] Command:       /nix/store/ixbb20farqh1f4fqbmsn6b1ixn8mc8ij-nodejs-20.18.1/bin/node /home/user/.global_modules/bin/firebase deploy --only apphosting
[debug] [2025-07-24T21:16:26.262Z] CLI Version:   14.11.1
[debug] [2025-07-24T21:16:26.262Z] Platform:      linux
[debug] [2025-07-24T21:16:26.262Z] Node Version:  v20.18.1
[debug] [2025-07-24T21:16:26.262Z] Time:          Thu Jul 24 2025 21:16:26 GMT+0000 (Coordinated Universal Time)
[debug] [2025-07-24T21:16:26.263Z] ----------------------------------------------------------------------
[debug] 
[debug] [2025-07-24T21:16:26.720Z] > command requires scopes: ["email","openid","https://www.googleapis.com/auth/cloudplatformprojects.readonly","https://www.googleapis.com/auth/firebase","https://www.googleapis.com/auth/cloud-platform"]
[debug] [2025-07-24T21:16:26.721Z] > authorizing via signed-in user (alex.n.ferreira.27@gmail.com)
[debug] [2025-07-24T21:16:26.721Z] [iam] checking project tiara-269e6 for permissions ["firebase.projects.get",null]
[debug] [2025-07-24T21:16:26.723Z] Checked if tokens are valid: false, expires at: 1753370613947
[debug] [2025-07-24T21:16:26.724Z] Checked if tokens are valid: false, expires at: 1753370613947
[debug] [2025-07-24T21:16:26.725Z] > refreshing access token with scopes: []
[debug] [2025-07-24T21:16:26.728Z] >>> [apiv2][query] POST https://www.googleapis.com/oauth2/v3/token [none]
[debug] [2025-07-24T21:16:26.728Z] >>> [apiv2][body] POST https://www.googleapis.com/oauth2/v3/token [omitted]
[debug] [2025-07-24T21:16:26.931Z] <<< [apiv2][status] POST https://www.googleapis.com/oauth2/v3/token 200
[debug] [2025-07-24T21:16:26.932Z] <<< [apiv2][body] POST https://www.googleapis.com/oauth2/v3/token [omitted]
[debug] [2025-07-24T21:16:26.949Z] >>> [apiv2][query] POST https://cloudresourcemanager.googleapis.com/v1/projects/tiara-269e6:testIamPermissions [none]
[debug] [2025-07-24T21:16:26.949Z] >>> [apiv2][(partial)header] POST https://cloudresourcemanager.googleapis.com/v1/projects/tiara-269e6:testIamPermissions x-goog-quota-user=projects/tiara-269e6
[debug] [2025-07-24T21:16:26.949Z] >>> [apiv2][body] POST https://cloudresourcemanager.googleapis.com/v1/projects/tiara-269e6:testIamPermissions {"permissions":["firebase.projects.get",null]}
[debug] [2025-07-24T21:16:27.109Z] <<< [apiv2][status] POST https://cloudresourcemanager.googleapis.com/v1/projects/tiara-269e6:testIamPermissions 200
[debug] [2025-07-24T21:16:27.109Z] <<< [apiv2][body] POST https://cloudresourcemanager.googleapis.com/v1/projects/tiara-269e6:testIamPermissions {"permissions":["firebase.projects.get"]}
[debug] [2025-07-24T21:16:27.109Z] [iam] error while checking permissions, command may fail: Authorization failed. This account is missing the following required permissions on project tiara-269e6:

  
[info] 
[info] === Deploying to 'tiara-269e6'...
[info] 
[info] i  deploying apphosting 
[debug] [2025-07-24T21:16:27.123Z] Checked if tokens are valid: true, expires at: 1753395385935
[debug] [2025-07-24T21:16:27.125Z] Checked if tokens are valid: true, expires at: 1753395385935
[debug] [2025-07-24T21:16:27.125Z] >>> [apiv2][query] POST https://iam.googleapis.com/v1/projects/tiara-269e6/serviceAccounts/firebase-app-hosting-compute@tiara-269e6.iam.gserviceaccount.com:testIamPermissions [none]
[debug] [2025-07-24T21:16:27.125Z] >>> [apiv2][(partial)header] POST https://iam.googleapis.com/v1/projects/tiara-269e6/serviceAccounts/firebase-app-hosting-compute@tiara-269e6.iam.gserviceaccount.com:testIamPermissions x-goog-quota-user=projects/tiara-269e6
[debug] [2025-07-24T21:16:27.125Z] >>> [apiv2][body] POST https://iam.googleapis.com/v1/projects/tiara-269e6/serviceAccounts/firebase-app-hosting-compute@tiara-269e6.iam.gserviceaccount.com:testIamPermissions {"permissions":["iam.serviceAccounts.actAs"]}
[debug] [2025-07-24T21:16:27.215Z] <<< [apiv2][status] POST https://iam.googleapis.com/v1/projects/tiara-269e6/serviceAccounts/firebase-app-hosting-compute@tiara-269e6.iam.gserviceaccount.com:testIamPermissions 200
[debug] [2025-07-24T21:16:27.215Z] <<< [apiv2][body] POST https://iam.googleapis.com/v1/projects/tiara-269e6/serviceAccounts/firebase-app-hosting-compute@tiara-269e6.iam.gserviceaccount.com:testIamPermissions {"permissions":["iam.serviceAccounts.actAs"]}
[debug] [2025-07-24T21:16:27.216Z] Checked if tokens are valid: true, expires at: 1753395385935
[debug] [2025-07-24T21:16:27.216Z] Checked if tokens are valid: true, expires at: 1753395385935
[debug] [2025-07-24T21:16:27.216Z] >>> [apiv2][query] POST https://iam.googleapis.com/v1/projects/tiara-269e6/serviceAccounts [none]
[debug] [2025-07-24T21:16:27.217Z] >>> [apiv2][body] POST https://iam.googleapis.com/v1/projects/tiara-269e6/serviceAccounts {"accountId":"firebase-app-hosting-compute","serviceAccount":{"displayName":"Firebase App Hosting compute service account","description":"Default service account used to run builds and deploys for Firebase App Hosting"}}
[debug] [2025-07-24T21:16:27.543Z] <<< [apiv2][status] POST https://iam.googleapis.com/v1/projects/tiara-269e6/serviceAccounts 409
[debug] [2025-07-24T21:16:27.543Z] <<< [apiv2][body] POST https://iam.googleapis.com/v1/projects/tiara-269e6/serviceAccounts [omitted]
[debug] [2025-07-24T21:16:27.549Z] Checked if tokens are valid: true, expires at: 1753395385935
[debug] [2025-07-24T21:16:27.549Z] Checked if tokens are valid: true, expires at: 1753395385935
[debug] [2025-07-24T21:16:27.549Z] >>> [apiv2][query] POST https://cloudresourcemanager.googleapis.com/v1/projects/tiara-269e6:getIamPolicy [none]
[debug] [2025-07-24T21:16:27.766Z] <<< [apiv2][status] POST https://cloudresourcemanager.googleapis.com/v1/projects/tiara-269e6:getIamPolicy 200
[debug] [2025-07-24T21:16:27.767Z] <<< [apiv2][body] POST https://cloudresourcemanager.googleapis.com/v1/projects/tiara-269e6:getIamPolicy {"version":1,"etag":"BwY6reyjq6M=","bindings":[{"role":"roles/artifactregistry.serviceAgent","members":["serviceAccount:service-880337285698@gcp-sa-artifactregistry.iam.gserviceaccount.com"]},{"role":"roles/cloudbuild.builds.builder","members":["serviceAccount:880337285698@cloudbuild.gserviceaccount.com"]},{"role":"roles/cloudbuild.serviceAgent","members":["serviceAccount:service-880337285698@gcp-sa-cloudbuild.iam.gserviceaccount.com"]},{"role":"roles/containerregistry.ServiceAgent","members":["serviceAccount:service-880337285698@containerregistry.iam.gserviceaccount.com"]},{"role":"roles/developerconnect.readTokenAccessor","members":["serviceAccount:firebase-app-hosting-compute@tiara-269e6.iam.gserviceaccount.com"]},{"role":"roles/developerconnect.serviceAgent","members":["serviceAccount:service-880337285698@gcp-sa-devconnect.iam.gserviceaccount.com"]},{"role":"roles/editor","members":["serviceAccount:880337285698-compute@developer.gserviceaccount.com"]},{"role":"roles/firebase.managementServiceAgent","members":["serviceAccount:service-880337285698@gcp-sa-firebase.iam.gserviceaccount.com"]},{"role":"roles/firebase.sdkAdminServiceAgent","members":["serviceAccount:firebase-adminsdk-fbsvc@tiara-269e6.iam.gserviceaccount.com","serviceAccount:firebase-app-hosting-compute@tiara-269e6.iam.gserviceaccount.com"]},{"role":"roles/firebaseapphosting.computeRunner","members":["serviceAccount:firebase-app-hosting-compute@tiara-269e6.iam.gserviceaccount.com"]},{"role":"roles/firebaseapphosting.serviceAgent","members":["serviceAccount:service-880337285698@gcp-sa-firebaseapphosting.iam.gserviceaccount.com"]},{"role":"roles/firebaseauth.admin","members":["serviceAccount:firebase-adminsdk-fbsvc@tiara-269e6.iam.gserviceaccount.com"]},{"role":"roles/iam.serviceAccountTokenCreator","members":["serviceAccount:firebase-adminsdk-fbsvc@tiara-269e6.iam.gserviceaccount.com"]},{"role":"roles/owner","members":["user:alex.n.ferreira.27@gmail.com"]},{"role":"roles/run.serviceAgent","members":["serviceAccount:service-880337285698@serverless-robot-prod.iam.gserviceaccount.com"]},{"role":"roles/secretmanager.admin_withcond_553aa8c9ab46a158c0c8","members":["serviceAccount:service-880337285698@gcp-sa-devconnect.iam.gserviceaccount.com"]},{"role":"roles/storage.objectViewer","members":["serviceAccount:firebase-app-hosting-compute@tiara-269e6.iam.gserviceaccount.com"]}]}
[debug] [2025-07-24T21:16:27.770Z] Checked if tokens are valid: true, expires at: 1753395385935
[debug] [2025-07-24T21:16:27.771Z] Checked if tokens are valid: true, expires at: 1753395385935
[debug] [2025-07-24T21:16:27.771Z] >>> [apiv2][query] POST https://cloudresourcemanager.googleapis.com/v1/projects/tiara-269e6:setIamPolicy [none]
[debug] [2025-07-24T21:16:27.771Z] >>> [apiv2][body] POST https://cloudresourcemanager.googleapis.com/v1/projects/tiara-269e6:setIamPolicy {"policy":{"version":1,"etag":"BwY6reyjq6M=","bindings":[{"role":"roles/artifactregistry.serviceAgent","members":["serviceAccount:service-880337285698@gcp-sa-artifactregistry.iam.gserviceaccount.com"]},{"role":"roles/cloudbuild.builds.builder","members":["serviceAccount:880337285698@cloudbuild.gserviceaccount.com"]},{"role":"roles/cloudbuild.serviceAgent","members":["serviceAccount:service-880337285698@gcp-sa-cloudbuild.iam.gserviceaccount.com"]},{"role":"roles/containerregistry.ServiceAgent","members":["serviceAccount:service-880337285698@containerregistry.iam.gserviceaccount.com"]},{"role":"roles/developerconnect.readTokenAccessor","members":["serviceAccount:firebase-app-hosting-compute@tiara-269e6.iam.gserviceaccount.com"]},{"role":"roles/developerconnect.serviceAgent","members":["serviceAccount:service-880337285698@gcp-sa-devconnect.iam.gserviceaccount.com"]},{"role":"roles/editor","members":["serviceAccount:880337285698-compute@developer.gserviceaccount.com"]},{"role":"roles/firebase.managementServiceAgent","members":["serviceAccount:service-880337285698@gcp-sa-firebase.iam.gserviceaccount.com"]},{"role":"roles/firebase.sdkAdminServiceAgent","members":["serviceAccount:firebase-adminsdk-fbsvc@tiara-269e6.iam.gserviceaccount.com","serviceAccount:firebase-app-hosting-compute@tiara-269e6.iam.gserviceaccount.com"]},{"role":"roles/firebaseapphosting.computeRunner","members":["serviceAccount:firebase-app-hosting-compute@tiara-269e6.iam.gserviceaccount.com"]},{"role":"roles/firebaseapphosting.serviceAgent","members":["serviceAccount:service-880337285698@gcp-sa-firebaseapphosting.iam.gserviceaccount.com"]},{"role":"roles/firebaseauth.admin","members":["serviceAccount:firebase-adminsdk-fbsvc@tiara-269e6.iam.gserviceaccount.com"]},{"role":"roles/iam.serviceAccountTokenCreator","members":["serviceAccount:firebase-adminsdk-fbsvc@tiara-269e6.iam.gserviceaccount.com"]},{"role":"roles/owner","members":["user:alex.n.ferreira.27@gmail.com"]},{"role":"roles/run.serviceAgent","members":["serviceAccount:service-880337285698@serverless-robot-prod.iam.gserviceaccount.com"]},{"role":"roles/secretmanager.admin_withcond_553aa8c9ab46a158c0c8","members":["serviceAccount:service-880337285698@gcp-sa-devconnect.iam.gserviceaccount.com"]},{"role":"roles/storage.objectViewer","members":["serviceAccount:firebase-app-hosting-compute@tiara-269e6.iam.gserviceaccount.com"]}]},"updateMask":"bindings"}
[debug] [2025-07-24T21:16:28.713Z] <<< [apiv2][status] POST https://cloudresourcemanager.googleapis.com/v1/projects/tiara-269e6:setIamPolicy 200
[debug] [2025-07-24T21:16:28.713Z] <<< [apiv2][body] POST https://cloudresourcemanager.googleapis.com/v1/projects/tiara-269e6:setIamPolicy {"version":1,"etag":"BwY6s1a3RdI=","bindings":[{"role":"roles/artifactregistry.serviceAgent","members":["serviceAccount:service-880337285698@gcp-sa-artifactregistry.iam.gserviceaccount.com"]},{"role":"roles/cloudbuild.builds.builder","members":["serviceAccount:880337285698@cloudbuild.gserviceaccount.com"]},{"role":"roles/cloudbuild.serviceAgent","members":["serviceAccount:service-880337285698@gcp-sa-cloudbuild.iam.gserviceaccount.com"]},{"role":"roles/containerregistry.ServiceAgent","members":["serviceAccount:service-880337285698@containerregistry.iam.gserviceaccount.com"]},{"role":"roles/developerconnect.readTokenAccessor","members":["serviceAccount:firebase-app-hosting-compute@tiara-269e6.iam.gserviceaccount.com"]},{"role":"roles/developerconnect.serviceAgent","members":["serviceAccount:service-880337285698@gcp-sa-devconnect.iam.gserviceaccount.com"]},{"role":"roles/editor","members":["serviceAccount:880337285698-compute@developer.gserviceaccount.com"]},{"role":"roles/firebase.managementServiceAgent","members":["serviceAccount:service-880337285698@gcp-sa-firebase.iam.gserviceaccount.com"]},{"role":"roles/firebase.sdkAdminServiceAgent","members":["serviceAccount:firebase-adminsdk-fbsvc@tiara-269e6.iam.gserviceaccount.com","serviceAccount:firebase-app-hosting-compute@tiara-269e6.iam.gserviceaccount.com"]},{"role":"roles/firebaseapphosting.computeRunner","members":["serviceAccount:firebase-app-hosting-compute@tiara-269e6.iam.gserviceaccount.com"]},{"role":"roles/firebaseapphosting.serviceAgent","members":["serviceAccount:service-880337285698@gcp-sa-firebaseapphosting.iam.gserviceaccount.com"]},{"role":"roles/firebaseauth.admin","members":["serviceAccount:firebase-adminsdk-fbsvc@tiara-269e6.iam.gserviceaccount.com"]},{"role":"roles/iam.serviceAccountTokenCreator","members":["serviceAccount:firebase-adminsdk-fbsvc@tiara-269e6.iam.gserviceaccount.com"]},{"role":"roles/owner","members":["user:alex.n.ferreira.27@gmail.com"]},{"role":"roles/run.serviceAgent","members":["serviceAccount:service-880337285698@serverless-robot-prod.iam.gserviceaccount.com"]},{"role":"roles/secretmanager.admin_withcond_553aa8c9ab46a158c0c8","members":["serviceAccount:service-880337285698@gcp-sa-devconnect.iam.gserviceaccount.com"]},{"role":"roles/storage.objectViewer","members":["serviceAccount:firebase-app-hosting-compute@tiara-269e6.iam.gserviceaccount.com"]}]}
[debug] [2025-07-24T21:16:28.715Z] Checked if tokens are valid: true, expires at: 1753395385935
[debug] [2025-07-24T21:16:28.715Z] Checked if tokens are valid: true, expires at: 1753395385935
[debug] [2025-07-24T21:16:28.716Z] >>> [apiv2][query] GET https://firebaseapphosting.googleapis.com/v1beta/projects/tiara-269e6/locations/-/backends 
[debug] [2025-07-24T21:16:29.135Z] <<< [apiv2][status] GET https://firebaseapphosting.googleapis.com/v1beta/projects/tiara-269e6/locations/-/backends 200
[debug] [2025-07-24T21:16:29.139Z] <<< [apiv2][body] GET https://firebaseapphosting.googleapis.com/v1beta/projects/tiara-269e6/locations/-/backends {"backends":[{"name":"projects/tiara-269e6/locations/us-central1/backends/tiara","createTime":"2025-07-24T14:27:16.524307764Z","updateTime":"2025-07-24T14:53:10.984571Z","uri":"tiara--tiara-269e6.us-central1.hosted.app","managedResources":[{"runService":{"service":"projects/880337285698/locations/us-central1/services/tiara"}}],"codebase":{"repository":"projects/tiara-269e6/locations/us-central1/connections/apphosting-github-conn-730bqom/gitRepositoryLinks/aFerreira27-tiara","rootDirectory":"/"},"uid":"063119d8-a629-4827-9ce9-a1367a3ace05","etag":"pjw2RZ9msGrgur2HwKW9LLYSjfLdhYXvEuilh-FvuqE","reconciling":false,"servingLocality":"GLOBAL_ACCESS","serviceAccount":"firebase-app-hosting-compute@tiara-269e6.iam.gserviceaccount.com","appId":"1:880337285698:web:dd7fe6501bce64be8df3db"}]}
[info] i  apphosting: Found backend(s) tiara 
[debug] [2025-07-24T21:16:29.143Z] Checked if tokens are valid: true, expires at: 1753395385935
[debug] [2025-07-24T21:16:29.143Z] Checked if tokens are valid: true, expires at: 1753395385935
[debug] [2025-07-24T21:16:29.143Z] >>> [apiv2][query] GET https://cloudresourcemanager.googleapis.com/v1/projects/tiara-269e6 [none]
[debug] [2025-07-24T21:16:29.239Z] <<< [apiv2][status] GET https://cloudresourcemanager.googleapis.com/v1/projects/tiara-269e6 200
[debug] [2025-07-24T21:16:29.239Z] <<< [apiv2][body] GET https://cloudresourcemanager.googleapis.com/v1/projects/tiara-269e6 {"projectNumber":"880337285698","projectId":"tiara-269e6","lifecycleState":"ACTIVE","name":"Tiara","labels":{"firebase":"enabled","firebase-core":"disabled"},"createTime":"2025-07-22T22:08:09.677824Z"}
[debug] [2025-07-24T21:16:29.241Z] Checked if tokens are valid: true, expires at: 1753395385935
[debug] [2025-07-24T21:16:29.241Z] Checked if tokens are valid: true, expires at: 1753395385935
[debug] [2025-07-24T21:16:29.241Z] >>> [apiv2][query] GET https://storage.googleapis.com/storage/v1/b/firebaseapphosting-sources-880337285698-us-central1 [none]
[debug] [2025-07-24T21:16:29.319Z] <<< [apiv2][status] GET https://storage.googleapis.com/storage/v1/b/firebaseapphosting-sources-880337285698-us-central1 200
[debug] [2025-07-24T21:16:29.322Z] <<< [apiv2][body] GET https://storage.googleapis.com/storage/v1/b/firebaseapphosting-sources-880337285698-us-central1 {"kind":"storage#bucket","selfLink":"https://www.googleapis.com/storage/v1/b/firebaseapphosting-sources-880337285698-us-central1","id":"firebaseapphosting-sources-880337285698-us-central1","name":"firebaseapphosting-sources-880337285698-us-central1","projectNumber":"880337285698","generation":"1753368546502747557","metageneration":"1","location":"US-CENTRAL1","storageClass":"STANDARD","etag":"CAE=","timeCreated":"2025-07-24T14:49:06.721Z","updated":"2025-07-24T14:49:06.721Z","lifecycle":{"rule":[{"action":{"type":"Delete"},"condition":{"age":30}}]},"softDeletePolicy":{"retentionDurationSeconds":"604800","effectiveTime":"2025-07-24T14:49:06.721Z"},"iamConfiguration":{"bucketPolicyOnly":{"enabled":false},"uniformBucketLevelAccess":{"enabled":false},"publicAccessPrevention":"inherited"},"locationType":"region","satisfiesPZI":true}
[info] i  apphosting: Uploading source code at /home/user/tiara for backend tiara... 
[debug] [2025-07-24T21:16:29.461Z] Checked if tokens are valid: true, expires at: 1753395385935
[debug] [2025-07-24T21:16:29.461Z] Checked if tokens are valid: true, expires at: 1753395385935
[debug] [2025-07-24T21:16:29.461Z] >>> [apiv2][query] PUT https://storage.googleapis.com/firebaseapphosting-sources-880337285698-us-central1/tiara--100968-9bOmHQ9FlHHd-.zip [none]
[debug] [2025-07-24T21:16:29.461Z] >>> [apiv2][body] PUT https://storage.googleapis.com/firebaseapphosting-sources-880337285698-us-central1/tiara--100968-9bOmHQ9FlHHd-.zip [stream]
[debug] [2025-07-24T21:16:29.631Z] <<< [apiv2][status] PUT https://storage.googleapis.com/firebaseapphosting-sources-880337285698-us-central1/tiara--100968-9bOmHQ9FlHHd-.zip 200
[debug] [2025-07-24T21:16:29.631Z] <<< [apiv2][body] PUT https://storage.googleapis.com/firebaseapphosting-sources-880337285698-us-central1/tiara--100968-9bOmHQ9FlHHd-.zip undefined
[info] i  apphosting: Source code uploaded at gs://firebaseapphosting-sources-880337285698-us-central1/tiara--100968-9bOmHQ9FlHHd-.zip 
[debug] [2025-07-24T21:16:29.635Z] Checked if tokens are valid: true, expires at: 1753395385935
[debug] [2025-07-24T21:16:29.637Z] Checked if tokens are valid: true, expires at: 1753395385935
[debug] [2025-07-24T21:16:29.638Z] Checked if tokens are valid: true, expires at: 1753395385935
[debug] [2025-07-24T21:16:29.638Z] Checked if tokens are valid: true, expires at: 1753395385935
[info] i  apphosting: You may also track the rollout(s) at:
	https://console.firebase.google.com/project/tiara-269e6/apphosting 
[debug] [2025-07-24T21:16:29.647Z] >>> [apiv2][query] GET https://firebaseapphosting.googleapis.com/v1beta/projects/tiara-269e6/locations/us-central1/backends/tiara/rollouts 
[debug] [2025-07-24T21:16:29.648Z] >>> [apiv2][query] GET https://firebaseapphosting.googleapis.com/v1beta/projects/tiara-269e6/locations/us-central1/backends/tiara/builds 
[debug] [2025-07-24T21:16:29.896Z] <<< [apiv2][status] GET https://firebaseapphosting.googleapis.com/v1beta/projects/tiara-269e6/locations/us-central1/backends/tiara/rollouts 200
[debug] [2025-07-24T21:16:29.896Z] <<< [apiv2][body] GET https://firebaseapphosting.googleapis.com/v1beta/projects/tiara-269e6/locations/us-central1/backends/tiara/rollouts {"rollouts":[{"name":"projects/tiara-269e6/locations/us-central1/backends/tiara/rollouts/build-2025-07-24-001","createTime":"2025-07-24T14:49:07.893303539Z","updateTime":"2025-07-24T14:53:10.984571Z","state":"SUCCEEDED","build":"projects/tiara-269e6/locations/us-central1/backends/tiara/builds/build-2025-07-24-001","labels":{"deployment-tool":"cli-firebase--project-idx"},"uid":"e6e3b5e7-b566-4745-99bf-851172f41f83","etag":"3tlwUofsXfA0xB1JIvCNC6hmD1AIl-kJ-WVZSFG6Rpg","reconciling":false},{"name":"projects/tiara-269e6/locations/us-central1/backends/tiara/rollouts/rollout-2025-07-24-002","createTime":"2025-07-24T20:58:50.236720733Z","updateTime":"2025-07-24T21:00:51.564526Z","state":"FAILED","build":"projects/tiara-269e6/locations/us-central1/backends/tiara/builds/build-2025-07-24-003","uid":"55d9c8aa-3c80-484c-9fac-6466163feed2","etag":"e19WpNjPcFP-qdjLR_veyqmn-d_aAzRJFUbRKB503VQ","reconciling":false},{"name":"projects/tiara-269e6/locations/us-central1/backends/tiara/rollouts/rollout-2025-07-24-000","createTime":"2025-07-24T14:27:19.252167188Z","updateTime":"2025-07-24T14:33:03.005424Z","state":"SUCCEEDED","build":"projects/tiara-269e6/locations/us-central1/backends/tiara/builds/build-2025-07-24-000","uid":"f3b1b502-5ecb-4ae4-87a9-21b4a4878052","etag":"FaDftTvtUaW51yOsUHyhJW2tIJk6oR5SzJcDFP11ewk","reconciling":false},{"name":"projects/tiara-269e6/locations/us-central1/backends/tiara/rollouts/rollout-2025-07-24-001","createTime":"2025-07-24T20:40:05.115301552Z","updateTime":"2025-07-24T20:42:36.815698Z","state":"FAILED","build":"projects/tiara-269e6/locations/us-central1/backends/tiara/builds/build-2025-07-24-002","uid":"195e4bc8-d198-4eec-ad04-fa616e3070a7","etag":"0DO-KJZBLrA1dbNHkNyjtHWScIXumASuUqg8CbtMe80","reconciling":false}]}
[debug] [2025-07-24T21:16:29.912Z] <<< [apiv2][status] GET https://firebaseapphosting.googleapis.com/v1beta/projects/tiara-269e6/locations/us-central1/backends/tiara/builds 200
[debug] [2025-07-24T21:16:29.912Z] <<< [apiv2][body] GET https://firebaseapphosting.googleapis.com/v1beta/projects/tiara-269e6/locations/us-central1/backends/tiara/builds {"builds":[{"name":"projects/tiara-269e6/locations/us-central1/backends/tiara/builds/build-2025-07-24-003","state":"FAILED","error":{"code":13},"image":"us-central1-docker.pkg.dev/tiara-269e6/firebaseapphosting-images/tiara:build-2025-07-24-003","source":{"codebase":{"branch":"main","displayName":"51f3978488aec5df05739840e2a2c6f3ad40327d","hash":"51f3978488aec5df05739840e2a2c6f3ad40327d","commitMessage":"update auth on all pages, redirect users to /","uri":"https://github.com/aFerreira27/tiara/commit/51f3978488aec5df05739840e2a2c6f3ad40327d","author":{"displayName":"alex.n.ferreira.27","email":"alex.n.ferreira.27@gmail.com","imageUri":"https://github.com/aFerreira27.png"},"commitTime":"2025-07-24T20:58:45Z"}},"buildLogsUri":"https://console.cloud.google.com/cloud-build/builds;region=us-central1/0dd2fdba-c51e-4200-95fe-44b4e4b68c68?project=880337285698","createTime":"2025-07-24T20:58:50.180320446Z","updateTime":"2025-07-24T21:00:41.457417Z","displayName":"build-2025-07-24-003","uid":"2451492d-a3ce-4ba2-8904-b680092d55d0","etag":"TzdweZILKHSsQuxACU0Ehij0yJbBzy_wUOQTtB1U97I","reconciling":false,"errorSource":"CLOUD_BUILD","errors":[{"error":{"code":13},"errorSource":"CLOUD_BUILD","cloudResource":"https://cloud.google.com/build"}]},{"name":"projects/tiara-269e6/locations/us-central1/backends/tiara/builds/build-2025-07-24-002","state":"FAILED","error":{"code":13},"image":"us-central1-docker.pkg.dev/tiara-269e6/firebaseapphosting-images/tiara:build-2025-07-24-002","source":{"codebase":{"branch":"main","displayName":"aea3ea1e5d0b7a326fefe6679dfb9bb79b439581","hash":"aea3ea1e5d0b7a326fefe6679dfb9bb79b439581","commitMessage":"i love making commits","uri":"https://github.com/aFerreira27/tiara/commit/aea3ea1e5d0b7a326fefe6679dfb9bb79b439581","author":{"displayName":"alex.n.ferreira.27","email":"alex.n.ferreira.27@gmail.com","imageUri":"https://github.com/aFerreira27.png"},"commitTime":"2025-07-24T20:40:00Z"}},"buildLogsUri":"https://console.cloud.google.com/cloud-build/builds;region=us-central1/e90bc348-2316-4016-b0a7-a9f82fbffee1?project=880337285698","createTime":"2025-07-24T20:40:05.035722356Z","updateTime":"2025-07-24T20:42:26.715952Z","displayName":"build-2025-07-24-002","uid":"47c4c2b2-3172-4306-820d-a4f66aadfce3","etag":"TrGWvwO_xb0tx-sTeb4jc7zTLbQ27mHvNA87WGLdu8U","reconciling":false,"errorSource":"CLOUD_BUILD","errors":[{"error":{"code":13},"errorSource":"CLOUD_BUILD","cloudResource":"https://cloud.google.com/build"}]},{"name":"projects/tiara-269e6/locations/us-central1/backends/tiara/builds/build-2025-07-24-001","state":"READY","image":"us-central1-docker.pkg.dev/tiara-269e6/firebaseapphosting-images/tiara:build-2025-07-24-001","config":{"runConfig":{},"env":[{"variable":"FIREBASE_CONFIG","value":"{\"databaseURL\":\"\",\"projectId\":\"tiara-269e6\",\"storageBucket\":\"tiara-269e6.firebasestorage.app\"}","availability":["BUILD","RUNTIME"]},{"variable":"FIREBASE_WEBAPP_CONFIG","value":"{\"apiKey\":\"AIzaSyBJjRor2UzmSeKQUutoAHAlK1dW4iAI8yQ\",\"appId\":\"1:880337285698:web:dd7fe6501bce64be8df3db\",\"authDomain\":\"tiara-269e6.firebaseapp.com\",\"databaseURL\":\"\",\"messagingSenderId\":\"880337285698\",\"projectId\":\"tiara-269e6\",\"storageBucket\":\"tiara-269e6.firebasestorage.app\"}","availability":["BUILD"]}]},"source":{"archive":{"rootDirectory":"/","userStorageUri":"gs://firebaseapphosting-sources-880337285698-us-central1/tiara--7420-HI27j48l9zTb-.zip"}},"buildLogsUri":"https://console.cloud.google.com/cloud-build/builds;region=us-central1/324b35d1-49d3-46e5-9936-9fc5197f15d5?project=880337285698","createTime":"2025-07-24T14:49:07.625512924Z","updateTime":"2025-07-24T14:53:10.484677Z","labels":{"deployment-tool":"cli-firebase--project-idx"},"uid":"69dbbe1b-cbf6-4759-94bf-c538feaf3739","etag":"Hi7m-PmrJ9kSwTFQN4dBBZVNlS6DduH-51TeoHX9gpc","reconciling":false},{"name":"projects/tiara-269e6/locations/us-central1/backends/tiara/builds/build-2025-07-24-000","state":"READY","image":"us-central1-docker.pkg.dev/tiara-269e6/firebaseapphosting-images/tiara:build-2025-07-24-000","config":{"runConfig":{},"env":[{"variable":"FIREBASE_CONFIG","value":"{\"databaseURL\":\"\",\"projectId\":\"tiara-269e6\",\"storageBucket\":\"tiara-269e6.firebasestorage.app\"}","availability":["BUILD","RUNTIME"]},{"variable":"FIREBASE_WEBAPP_CONFIG","value":"{\"apiKey\":\"AIzaSyBJjRor2UzmSeKQUutoAHAlK1dW4iAI8yQ\",\"appId\":\"1:880337285698:web:dd7fe6501bce64be8df3db\",\"authDomain\":\"tiara-269e6.firebaseapp.com\",\"databaseURL\":\"\",\"messagingSenderId\":\"880337285698\",\"projectId\":\"tiara-269e6\",\"storageBucket\":\"tiara-269e6.firebasestorage.app\"}","availability":["BUILD"]}]},"source":{"codebase":{"branch":"main","displayName":"f65b68b8f7da63a4415d8f3024a5df62b051d750","hash":"f65b68b8f7da63a4415d8f3024a5df62b051d750","commitMessage":"init commit","uri":"https://github.com/aFerreira27/tiara/commit/f65b68b8f7da63a4415d8f3024a5df62b051d750","author":{"displayName":"alex.n.ferreira.27","email":"alex.n.ferreira.27@gmail.com"},"commitTime":"2025-07-24T14:24:50Z"}},"buildLogsUri":"https://console.cloud.google.com/cloud-build/builds;region=us-central1/f2a72590-6f69-4069-8ab2-813f2b9ab7e2?project=880337285698","createTime":"2025-07-24T14:27:18.278974442Z","updateTime":"2025-07-24T14:32:53.002131Z","uid":"e665f5e1-8b21-430d-ae92-a38bd95df5f7","etag":"K1rwZckFGnUlIpGXnychc2cAc12rCqwFw4E8L9HxER0","reconciling":false}]}
[debug] [2025-07-24T21:16:29.913Z] Checked if tokens are valid: true, expires at: 1753395385935
[debug] [2025-07-24T21:16:29.913Z] Checked if tokens are valid: true, expires at: 1753395385935
[debug] [2025-07-24T21:16:29.921Z] >>> [apiv2][query] POST https://firebaseapphosting.googleapis.com/v1beta/projects/tiara-269e6/locations/us-central1/backends/tiara/builds buildId=build-2025-07-24-004
[debug] [2025-07-24T21:16:29.921Z] >>> [apiv2][body] POST https://firebaseapphosting.googleapis.com/v1beta/projects/tiara-269e6/locations/us-central1/backends/tiara/builds {"source":{"archive":{"userStorageUri":"gs://firebaseapphosting-sources-880337285698-us-central1/tiara--100968-9bOmHQ9FlHHd-.zip","rootDirectory":"/"}},"labels":{"deployment-tool":"cli-firebase--project-idx"}}
[debug] [2025-07-24T21:16:30.073Z] <<< [apiv2][status] POST https://firebaseapphosting.googleapis.com/v1beta/projects/tiara-269e6/locations/us-central1/backends/tiara/builds 200
[debug] [2025-07-24T21:16:30.073Z] <<< [apiv2][body] POST https://firebaseapphosting.googleapis.com/v1beta/projects/tiara-269e6/locations/us-central1/backends/tiara/builds {"name":"projects/tiara-269e6/locations/us-central1/operations/operation-1753391789987-63ab356cb589e-2da339d8-f0419048","metadata":{"@type":"type.googleapis.com/google.firebase.apphosting.v1beta.OperationMetadata","createTime":"2025-07-24T21:16:30.039825294Z","target":"projects/tiara-269e6/locations/us-central1/backends/tiara/builds/build-2025-07-24-004","verb":"create","requestedCancellation":false,"apiVersion":"v1beta"},"done":false}
[debug] [2025-07-24T21:16:30.075Z] Checked if tokens are valid: true, expires at: 1753395385935
[debug] [2025-07-24T21:16:30.075Z] Checked if tokens are valid: true, expires at: 1753395385935
[debug] [2025-07-24T21:16:30.075Z] >>> [apiv2][query] POST https://firebaseapphosting.googleapis.com/v1beta/projects/tiara-269e6/locations/us-central1/backends/tiara/rollouts rolloutId=build-2025-07-24-004&validateOnly=true
[debug] [2025-07-24T21:16:30.075Z] >>> [apiv2][body] POST https://firebaseapphosting.googleapis.com/v1beta/projects/tiara-269e6/locations/us-central1/backends/tiara/rollouts {"build":"projects/tiara-269e6/locations/us-central1/backends/tiara/builds/build-2025-07-24-004","labels":{"deployment-tool":"cli-firebase--project-idx"}}
[debug] [2025-07-24T21:16:30.170Z] <<< [apiv2][status] POST https://firebaseapphosting.googleapis.com/v1beta/projects/tiara-269e6/locations/us-central1/backends/tiara/rollouts 200
[debug] [2025-07-24T21:16:30.170Z] <<< [apiv2][body] POST https://firebaseapphosting.googleapis.com/v1beta/projects/tiara-269e6/locations/us-central1/backends/tiara/rollouts {}
[debug] [2025-07-24T21:16:30.171Z] Checked if tokens are valid: true, expires at: 1753395385935
[debug] [2025-07-24T21:16:30.171Z] Checked if tokens are valid: true, expires at: 1753395385935
[debug] [2025-07-24T21:16:30.171Z] >>> [apiv2][query] POST https://firebaseapphosting.googleapis.com/v1beta/projects/tiara-269e6/locations/us-central1/backends/tiara/rollouts rolloutId=build-2025-07-24-004&validateOnly=false
[debug] [2025-07-24T21:16:30.171Z] >>> [apiv2][body] POST https://firebaseapphosting.googleapis.com/v1beta/projects/tiara-269e6/locations/us-central1/backends/tiara/rollouts {"build":"projects/tiara-269e6/locations/us-central1/backends/tiara/builds/build-2025-07-24-004","labels":{"deployment-tool":"cli-firebase--project-idx"}}
[debug] [2025-07-24T21:16:30.318Z] <<< [apiv2][status] POST https://firebaseapphosting.googleapis.com/v1beta/projects/tiara-269e6/locations/us-central1/backends/tiara/rollouts 200
[debug] [2025-07-24T21:16:30.318Z] <<< [apiv2][body] POST https://firebaseapphosting.googleapis.com/v1beta/projects/tiara-269e6/locations/us-central1/backends/tiara/rollouts {"name":"projects/tiara-269e6/locations/us-central1/operations/operation-1753391790272-63ab356cfb1ba-f62acf2a-f7b146cf","metadata":{"@type":"type.googleapis.com/google.firebase.apphosting.v1beta.OperationMetadata","createTime":"2025-07-24T21:16:30.288775387Z","target":"projects/tiara-269e6/locations/us-central1/backends/tiara/rollouts/build-2025-07-24-004","verb":"create","requestedCancellation":false,"apiVersion":"v1beta"},"done":false}
[debug] [2025-07-24T21:16:30.322Z] Checked if tokens are valid: true, expires at: 1753395385935
[debug] [2025-07-24T21:16:30.322Z] Checked if tokens are valid: true, expires at: 1753395385935
[debug] [2025-07-24T21:16:30.323Z] Checked if tokens are valid: true, expires at: 1753395385935
[debug] [2025-07-24T21:16:30.323Z] Checked if tokens are valid: true, expires at: 1753395385935
[debug] [2025-07-24T21:16:30.323Z] >>> [apiv2][query] GET https://firebaseapphosting.googleapis.com/v1beta/projects/tiara-269e6/locations/us-central1/operations/operation-1753391790272-63ab356cfb1ba-f62acf2a-f7b146cf [none]
[debug] [2025-07-24T21:16:30.326Z] >>> [apiv2][query] GET https://firebaseapphosting.googleapis.com/v1beta/projects/tiara-269e6/locations/us-central1/operations/operation-1753391789987-63ab356cb589e-2da339d8-f0419048 [none]
[debug] [2025-07-24T21:16:30.405Z] <<< [apiv2][status] GET https://firebaseapphosting.googleapis.com/v1beta/projects/tiara-269e6/locations/us-central1/operations/operation-1753391790272-63ab356cfb1ba-f62acf2a-f7b146cf 200
[debug] [2025-07-24T21:16:30.405Z] <<< [apiv2][body] GET https://firebaseapphosting.googleapis.com/v1beta/projects/tiara-269e6/locations/us-central1/operations/operation-1753391790272-63ab356cfb1ba-f62acf2a-f7b146cf {"name":"projects/tiara-269e6/locations/us-central1/operations/operation-1753391790272-63ab356cfb1ba-f62acf2a-f7b146cf","metadata":{"@type":"type.googleapis.com/google.firebase.apphosting.v1beta.OperationMetadata","createTime":"2025-07-24T21:16:30.288775387Z","endTime":"2025-07-24T21:16:30.326545728Z","target":"projects/tiara-269e6/locations/us-central1/backends/tiara/rollouts/build-2025-07-24-004","verb":"create","requestedCancellation":false,"apiVersion":"v1beta"},"done":true,"response":{"@type":"type.googleapis.com/google.firebase.apphosting.v1beta.Rollout","name":"projects/tiara-269e6/locations/us-central1/backends/tiara/rollouts/build-2025-07-24-004","createTime":"2025-07-24T21:16:30.281674668Z","updateTime":"2025-07-24T21:16:30.322416Z","state":"QUEUED","build":"projects/tiara-269e6/locations/us-central1/backends/tiara/builds/build-2025-07-24-004","labels":{"deployment-tool":"cli-firebase--project-idx"},"uid":"41359ee5-7536-4894-95ac-be4c7742646d","etag":"hUF6WgbPuFw5uzIqwUf3cMrkdvuEsoCK-SDeWsKrPwE","reconciling":false}}
[debug] [2025-07-24T21:16:30.438Z] <<< [apiv2][status] GET https://firebaseapphosting.googleapis.com/v1beta/projects/tiara-269e6/locations/us-central1/operations/operation-1753391789987-63ab356cb589e-2da339d8-f0419048 200
[debug] [2025-07-24T21:16:30.438Z] <<< [apiv2][body] GET https://firebaseapphosting.googleapis.com/v1beta/projects/tiara-269e6/locations/us-central1/operations/operation-1753391789987-63ab356cb589e-2da339d8-f0419048 {"name":"projects/tiara-269e6/locations/us-central1/operations/operation-1753391789987-63ab356cb589e-2da339d8-f0419048","metadata":{"@type":"type.googleapis.com/google.firebase.apphosting.v1beta.OperationMetadata","createTime":"2025-07-24T21:16:30.039825294Z","target":"projects/tiara-269e6/locations/us-central1/backends/tiara/builds/build-2025-07-24-004","verb":"create","requestedCancellation":false,"apiVersion":"v1beta"},"done":false}
[debug] [2025-07-24T21:16:30.941Z] [create-tiara-269e6-us-central1-backend-tiara-build-build-2025-07-24-004] Retrying task index 0
[debug] [2025-07-24T21:16:30.942Z] Checked if tokens are valid: true, expires at: 1753395385935
[debug] [2025-07-24T21:16:30.942Z] Checked if tokens are valid: true, expires at: 1753395385935
[debug] [2025-07-24T21:16:30.943Z] >>> [apiv2][query] GET https://firebaseapphosting.googleapis.com/v1beta/projects/tiara-269e6/locations/us-central1/operations/operation-1753391789987-63ab356cb589e-2da339d8-f0419048 [none]
[debug] [2025-07-24T21:16:31.005Z] <<< [apiv2][status] GET https://firebaseapphosting.googleapis.com/v1beta/projects/tiara-269e6/locations/us-central1/operations/operation-1753391789987-63ab356cb589e-2da339d8-f0419048 200
[debug] [2025-07-24T21:16:31.005Z] <<< [apiv2][body] GET https://firebaseapphosting.googleapis.com/v1beta/projects/tiara-269e6/locations/us-central1/operations/operation-1753391789987-63ab356cb589e-2da339d8-f0419048 {"name":"projects/tiara-269e6/locations/us-central1/operations/operation-1753391789987-63ab356cb589e-2da339d8-f0419048","metadata":{"@type":"type.googleapis.com/google.firebase.apphosting.v1beta.OperationMetadata","createTime":"2025-07-24T21:16:30.039825294Z","target":"projects/tiara-269e6/locations/us-central1/backends/tiara/builds/build-2025-07-24-004","verb":"create","requestedCancellation":false,"apiVersion":"v1beta"},"done":false}
[debug] [2025-07-24T21:16:32.006Z] [create-tiara-269e6-us-central1-backend-tiara-build-build-2025-07-24-004] Retrying task index 0
[debug] [2025-07-24T21:16:32.007Z] Checked if tokens are valid: true, expires at: 1753395385935
[debug] [2025-07-24T21:16:32.007Z] Checked if tokens are valid: true, expires at: 1753395385935
[debug] [2025-07-24T21:16:32.007Z] >>> [apiv2][query] GET https://firebaseapphosting.googleapis.com/v1beta/projects/tiara-269e6/locations/us-central1/operations/operation-1753391789987-63ab356cb589e-2da339d8-f0419048 [none]
[debug] [2025-07-24T21:16:32.088Z] <<< [apiv2][status] GET https://firebaseapphosting.googleapis.com/v1beta/projects/tiara-269e6/locations/us-central1/operations/operation-1753391789987-63ab356cb589e-2da339d8-f0419048 200
[debug] [2025-07-24T21:16:32.088Z] <<< [apiv2][body] GET https://firebaseapphosting.googleapis.com/v1beta/projects/tiara-269e6/locations/us-central1/operations/operation-1753391789987-63ab356cb589e-2da339d8-f0419048 {"name":"projects/tiara-269e6/locations/us-central1/operations/operation-1753391789987-63ab356cb589e-2da339d8-f0419048","metadata":{"@type":"type.googleapis.com/google.firebase.apphosting.v1beta.OperationMetadata","createTime":"2025-07-24T21:16:30.039825294Z","target":"projects/tiara-269e6/locations/us-central1/backends/tiara/builds/build-2025-07-24-004","verb":"create","requestedCancellation":false,"apiVersion":"v1beta"},"done":false}
[debug] [2025-07-24T21:16:34.089Z] [create-tiara-269e6-us-central1-backend-tiara-build-build-2025-07-24-004] Retrying task index 0
[debug] [2025-07-24T21:16:34.092Z] Checked if tokens are valid: true, expires at: 1753395385935
[debug] [2025-07-24T21:16:34.092Z] Checked if tokens are valid: true, expires at: 1753395385935
[debug] [2025-07-24T21:16:34.092Z] >>> [apiv2][query] GET https://firebaseapphosting.googleapis.com/v1beta/projects/tiara-269e6/locations/us-central1/operations/operation-1753391789987-63ab356cb589e-2da339d8-f0419048 [none]
[debug] [2025-07-24T21:16:34.171Z] <<< [apiv2][status] GET https://firebaseapphosting.googleapis.com/v1beta/projects/tiara-269e6/locations/us-central1/operations/operation-1753391789987-63ab356cb589e-2da339d8-f0419048 200
[debug] [2025-07-24T21:16:34.171Z] <<< [apiv2][body] GET https://firebaseapphosting.googleapis.com/v1beta/projects/tiara-269e6/locations/us-central1/operations/operation-1753391789987-63ab356cb589e-2da339d8-f0419048 {"name":"projects/tiara-269e6/locations/us-central1/operations/operation-1753391789987-63ab356cb589e-2da339d8-f0419048","metadata":{"@type":"type.googleapis.com/google.firebase.apphosting.v1beta.OperationMetadata","createTime":"2025-07-24T21:16:30.039825294Z","target":"projects/tiara-269e6/locations/us-central1/backends/tiara/builds/build-2025-07-24-004","verb":"create","requestedCancellation":false,"apiVersion":"v1beta"},"done":false}
[debug] [2025-07-24T21:16:38.172Z] [create-tiara-269e6-us-central1-backend-tiara-build-build-2025-07-24-004] Retrying task index 0
[debug] [2025-07-24T21:16:38.173Z] Checked if tokens are valid: true, expires at: 1753395385935
[debug] [2025-07-24T21:16:38.173Z] Checked if tokens are valid: true, expires at: 1753395385935
[debug] [2025-07-24T21:16:38.173Z] >>> [apiv2][query] GET https://firebaseapphosting.googleapis.com/v1beta/projects/tiara-269e6/locations/us-central1/operations/operation-1753391789987-63ab356cb589e-2da339d8-f0419048 [none]
[debug] [2025-07-24T21:16:38.247Z] <<< [apiv2][status] GET https://firebaseapphosting.googleapis.com/v1beta/projects/tiara-269e6/locations/us-central1/operations/operation-1753391789987-63ab356cb589e-2da339d8-f0419048 200
[debug] [2025-07-24T21:16:38.250Z] <<< [apiv2][body] GET https://firebaseapphosting.googleapis.com/v1beta/projects/tiara-269e6/locations/us-central1/operations/operation-1753391789987-63ab356cb589e-2da339d8-f0419048 {"name":"projects/tiara-269e6/locations/us-central1/operations/operation-1753391789987-63ab356cb589e-2da339d8-f0419048","metadata":{"@type":"type.googleapis.com/google.firebase.apphosting.v1beta.OperationMetadata","createTime":"2025-07-24T21:16:30.039825294Z","target":"projects/tiara-269e6/locations/us-central1/backends/tiara/builds/build-2025-07-24-004","verb":"create","requestedCancellation":false,"apiVersion":"v1beta"},"done":false}
